<?xml version="1.0" encoding="UTF-8"?>
<!-- Generated by org.testng.reporters.JUnitReportReporter -->
<testsuite hostname="PNQ115CG21211WT" failures="0" tests="10" name="com.coffeecart.tests.CartTests" time="159.337" errors="0" timestamp="2025-10-07T19:17:56 IST" skipped="0">
  <testcase classname="com.coffeecart.tests.CartTests" name="testCartItemCount" time="9.894"/>
  <testcase classname="com.coffeecart.tests.CartTests" name="testCartItemCount" time="18.815"/>
  <testcase classname="com.coffeecart.tests.CartTests" name="testRemoveItemFromCart" time="22.382"/>
  <testcase classname="com.coffeecart.tests.CartTests" name="testRemoveItemFromCart" time="35.999"/>
  <testcase classname="com.coffeecart.tests.CartTests" name="testCartTotalCalculation" time="19.417"/>
  <testcase classname="com.coffeecart.tests.CartTests" name="testCartTotalCalculation" time="7.544"/>
  <testcase classname="com.coffeecart.tests.CartTests" name="testCheckoutButton" time="11.815"/>
  <testcase classname="com.coffeecart.tests.CartTests" name="testCheckoutButton" time="7.204"/>
  <testcase classname="com.coffeecart.tests.CartTests" name="testEmptyCartBehavior" time="6.070"/>
  <testcase classname="com.coffeecart.tests.CartTests" name="testEmptyCartBehavior" time="20.197"/>
</testsuite> <!-- com.coffeecart.tests.CartTests -->
