<?xml version="1.0" encoding="UTF-8"?>
<!-- Generated by org.testng.reporters.JUnitReportReporter -->
<testsuite hostname="PNQ115CG21211WT" failures="0" tests="16" name="com.coffeecart.tests.MenuTests" time="219.567" errors="0" timestamp="2025-10-07T19:17:56 IST" skipped="0">
  <testcase classname="com.coffeecart.tests.MenuTests" name="testMenuItemsDisplay" time="16.812"/>
  <testcase classname="com.coffeecart.tests.MenuTests" name="testMenuItemsDisplay" time="10.936"/>
  <testcase classname="com.coffeecart.tests.MenuTests" name="testAddItemToCart" time="15.917"/>
  <testcase classname="com.coffeecart.tests.MenuTests" name="testAddItemToCart" time="14.875"/>
  <testcase classname="com.coffeecart.tests.MenuTests" name="testAddEspresso" time="21.856"/>
  <testcase classname="com.coffeecart.tests.MenuTests" name="testAddEspresso" time="8.467"/>
  <testcase classname="com.coffeecart.tests.MenuTests" name="testAddCappuccino" time="11.322"/>
  <testcase classname="com.coffeecart.tests.MenuTests" name="testAddCappuccino" time="13.225"/>
  <testcase classname="com.coffeecart.tests.MenuTests" name="testAddMultipleItems" time="13.752"/>
  <testcase classname="com.coffeecart.tests.MenuTests" name="testAddMultipleItems" time="14.329"/>
  <testcase classname="com.coffeecart.tests.MenuTests" name="testAddMultipleItemsToCart" time="7.878"/>
  <testcase classname="com.coffeecart.tests.MenuTests" name="testAddMultipleItemsToCart" time="18.215"/>
  <testcase classname="com.coffeecart.tests.MenuTests" name="testAddMultipleItemsToCart" time="12.494"/>
  <testcase classname="com.coffeecart.tests.MenuTests" name="testAddMultipleItemsToCart" time="16.772"/>
  <testcase classname="com.coffeecart.tests.MenuTests" name="testAddMultipleItemsToCart" time="13.892"/>
  <testcase classname="com.coffeecart.tests.MenuTests" name="testAddMultipleItemsToCart" time="8.825"/>
</testsuite> <!-- com.coffeecart.tests.MenuTests -->
