<?xml version="1.0" encoding="UTF-8"?>
<!-- Generated by org.testng.reporters.JUnitReportReporter -->
<testsuite hostname="PNQ115CG21211WT" failures="0" tests="14" name="com.coffeecart.tests.CheckoutTests" time="207.948" errors="0" timestamp="2025-10-07T19:17:56 IST" skipped="0">
  <testcase classname="com.coffeecart.tests.CheckoutTests" name="testCompleteCheckoutProcess" time="12.235"/>
  <testcase classname="com.coffeecart.tests.CheckoutTests" name="testCompleteCheckoutProcess" time="16.699"/>
  <testcase classname="com.coffeecart.tests.CheckoutTests" name="testFormValidation" time="17.277"/>
  <testcase classname="com.coffeecart.tests.CheckoutTests" name="testFormValidation" time="9.186"/>
  <testcase classname="com.coffeecart.tests.CheckoutTests" name="testCheckoutWithEmptyName" time="15.866"/>
  <testcase classname="com.coffeecart.tests.CheckoutTests" name="testCheckoutWithEmptyName" time="12.868"/>
  <testcase classname="com.coffeecart.tests.CheckoutTests" name="testCheckoutWithInvalidEmail" time="18.565"/>
  <testcase classname="com.coffeecart.tests.CheckoutTests" name="testCheckoutWithInvalidEmail" time="27.839"/>
  <testcase classname="com.coffeecart.tests.CheckoutTests" name="testCheckoutWithInvalidEmail" time="11.013"/>
  <testcase classname="com.coffeecart.tests.CheckoutTests" name="testCheckoutWithInvalidEmail" time="12.237"/>
  <testcase classname="com.coffeecart.tests.CheckoutTests" name="testCheckoutWithInvalidEmail" time="16.204"/>
  <testcase classname="com.coffeecart.tests.CheckoutTests" name="testCheckoutWithInvalidEmail" time="10.302"/>
  <testcase classname="com.coffeecart.tests.CheckoutTests" name="testPromoCodeApplication" time="16.419"/>
  <testcase classname="com.coffeecart.tests.CheckoutTests" name="testPromoCodeApplication" time="11.238"/>
</testsuite> <!-- com.coffeecart.tests.CheckoutTests -->
